
Xvnc TigerVNC 1.13.1 - built 2024-04-01 08:26
Copyright (C) 1999-2022 TigerVNC Team and many others (see README.rst)
See https://www.tigervnc.org for information on TigerVNC.
Underlying X server release 12101011


Wed Apr  1 08:58:32 2026
 vncext:      VNC extension running!
 vncext:      Listening for VNC connections on all interface(s), port 5901
 vncext:      created VNC server for screen 0
3NI3X0 New Xtigervnc server 'controlplane:1 (root)' on port 5901 for display :1.
3NI3X0 Use xtigervncviewer -SecurityTypes None controlplane:1 to connect to the VNC server.
/usr/bin/startxfce4: X server already running on display :1
The XKEYBOARD keymap compiler (xkbcomp) reports:
> Warning:          Could not resolve keysym XF86CameraAccessEnable
> Warning:          Could not resolve keysym XF86CameraAccessDisable
> Warning:          Could not resolve keysym XF86CameraAccessToggle
> Warning:          Could not resolve keysym XF86NextElement
> Warning:          Could not resolve keysym XF86PreviousElement
> Warning:          Could not resolve keysym XF86AutopilotEngageToggle
> Warning:          Could not resolve keysym XF86MarkWaypoint
> Warning:          Could not resolve keysym XF86Sos
> Warning:          Could not resolve keysym XF86NavChart
> Warning:          Could not resolve keysym XF86FishingChart
> Warning:          Could not resolve keysym XF86SingleRangeRadar
> Warning:          Could not resolve keysym XF86DualRangeRadar
> Warning:          Could not resolve keysym XF86RadarOverlay
> Warning:          Could not resolve keysym XF86TraditionalSonar
> Warning:          Could not resolve keysym XF86ClearvuSonar
> Warning:          Could not resolve keysym XF86SidevuSonar
> Warning:          Could not resolve keysym XF86NavInfo
Errors from xkbcomp are not fatal to the X server
[mi] mieq: warning: overriding existing handler (nil) with 0x5769097bb580 for event 2
[mi] mieq: warning: overriding existing handler (nil) with 0x5769097bb580 for event 3
gpg-agent[23463]: directory '/root/.gnupg' created
gpg-agent[23463]: directory '/root/.gnupg/private-keys-v1.d' created
gpg-agent[23464]: gpg-agent (GnuPG) 2.4.4 started

(xfwm4:23465): xfwm4-WARNING **: 08:58:33.445: Unsupported GL renderer (llvmpipe (LLVM 20.1.2, 256 bits)).
Connection failure: Connection refused
pa_context_connect() failed: Connection refused

** (light-locker:23506): ERROR **: 08:58:34.257: session_id is not set, is /proc mounted with hidepid>0?

(polkit-gnome-authentication-agent-1:23518): polkit-gnome-1-WARNING **: 08:58:34.427: Unable to determine the session we are in: No session for pid 23518
xfce4-panel-Message: 08:58:34.543: Plugin "(null)-4" was not found and has been removed from the configuration
Xlib:  extension "DPMS" missing on display ":1.0".

(xfce4-power-manager:23549): xfce4-power-manager-WARNING **: 08:58:35.011: Monitor is not DPMS capable

** (xiccd:23511): WARNING **: 08:58:35.017: EDID is empty
xfce4-panel-Message: 08:58:37.493: Plugin "(null)-19" was not found and has been removed from the configuration

(wrapper-2.0:23590): xfce4-power-manager-plugin-WARNING **: 08:58:38.332: Xfce4-power-manager: The panel plugin is present, so the tray icon gets disabled.
Killing Xtigervnc process ID 23417...xfsettingsd: Another instance took over. Leaving...
Another notification daemon is running, exiting
Another notification daemon is running, exiting

(Thunar:23494): thunar-WARNING **: 09:09:06.177: Name 'org.xfce.FileManager' lost on the message dbus.

(Thunar:23494): thunar-WARNING **: 09:09:06.179: Name 'org.freedesktop.FileManager1' lost on the message dbus.

(xfce4-power-manager:23549): libxfce4ui-WARNING **: 09:09:06.179: ICE I/O Error

(xfce4-power-manager:23549): libxfce4ui-WARNING **: 09:09:06.179: Disconnected from session manager.

** (xfce4-power-manager:23549): WARNING **: 09:09:06.224: Error: The connection is closed


** (xfce4-power-manager:23549): WARNING **: 09:09:06.224: Error: The connection is closed


Wed Apr  1 09:09:06 2026
 ComparingUpdateTracker: 0 pixels in / 0 pixels out
 ComparingUpdateTracker: (1:-nan ratio)
X connection to :1.0 broken (explicit kill or server shutdown).
 success!

Xvnc TigerVNC 1.13.1 - built 2024-04-01 08:26
Copyright (C) 1999-2022 TigerVNC Team and many others (see README.rst)
See https://www.tigervnc.org for information on TigerVNC.
Underlying X server release 12101011


Wed Apr 22 03:19:50 2026
 vncext:      VNC extension running!
 vncext:      Listening for VNC connections on all interface(s), port 5901
 vncext:      created VNC server for screen 0
3NI3X0 New Xtigervnc server 'controlplane:1 (root)' on port 5901 for display :1.
3NI3X0 Use xtigervncviewer -SecurityTypes None controlplane:1 to connect to the VNC server.
/usr/bin/startxfce4: X server already running on display :1
The XKEYBOARD keymap compiler (xkbcomp) reports:
> Warning:          Could not resolve keysym XF86CameraAccessEnable
> Warning:          Could not resolve keysym XF86CameraAccessDisable
> Warning:          Could not resolve keysym XF86CameraAccessToggle
> Warning:          Could not resolve keysym XF86NextElement
> Warning:          Could not resolve keysym XF86PreviousElement
> Warning:          Could not resolve keysym XF86AutopilotEngageToggle
> Warning:          Could not resolve keysym XF86MarkWaypoint
> Warning:          Could not resolve keysym XF86Sos
> Warning:          Could not resolve keysym XF86NavChart
> Warning:          Could not resolve keysym XF86FishingChart
> Warning:          Could not resolve keysym XF86SingleRangeRadar
> Warning:          Could not resolve keysym XF86DualRangeRadar
> Warning:          Could not resolve keysym XF86RadarOverlay
> Warning:          Could not resolve keysym XF86TraditionalSonar
> Warning:          Could not resolve keysym XF86ClearvuSonar
> Warning:          Could not resolve keysym XF86SidevuSonar
> Warning:          Could not resolve keysym XF86NavInfo
Errors from xkbcomp are not fatal to the X server
[mi] mieq: warning: overriding existing handler (nil) with 0x6273c6beb580 for event 2
[mi] mieq: warning: overriding existing handler (nil) with 0x6273c6beb580 for event 3

(xfwm4:1973): xfwm4-WARNING **: 03:19:51.343: Unsupported GL renderer (llvmpipe (LLVM 20.1.2, 256 bits)).
Connection failure: Connection refused
pa_context_connect() failed: Connection refused

** (xiccd:2080): WARNING **: 03:19:53.038: EDID is empty

** (light-locker:2077): ERROR **: 03:19:53.062: session_id is not set, is /proc mounted with hidepid>0?

** (xiccd:2080): CRITICAL **: 03:19:53.381: device 'xrandr-default' does not exist

(polkit-gnome-authentication-agent-1:2084): polkit-gnome-1-WARNING **: 03:19:53.452: Unable to determine the session we are in: No session for pid 2084
Xlib:  extension "DPMS" missing on display ":1.0".

(xfce4-power-manager:2124): xfce4-power-manager-WARNING **: 03:19:53.671: Monitor is not DPMS capable
Killing Xtigervnc process ID 1800...
(xfce4-power-manager:2124): libxfce4ui-WARNING **: 04:10:56.310: ICE I/O Error

(xfce4-power-manager:2124): libxfce4ui-WARNING **: 04:10:56.310: Disconnected from session manager.

** (xiccd:2080): WARNING **: 04:10:56.311: Exiting

(xfce4-panel:2038): libxfce4ui-WARNING **: 04:10:56.311: ICE I/O Error

(xfce4-panel:2038): libxfce4ui-WARNING **: 04:10:56.311: Disconnected from session manager.

(xfsettingsd:2031): libxfce4ui-WARNING **: 04:10:56.312: ICE I/O Error

(xfsettingsd:2031): libxfce4ui-WARNING **: 04:10:56.312: Disconnected from session manager.
xfsettingsd: Another instance took over. Leaving...

(Thunar:2043): thunar-WARNING **: 04:10:56.318: Name 'org.xfce.FileManager' lost on the message dbus.

(Thunar:2043): thunar-WARNING **: 04:10:56.318: Name 'org.freedesktop.FileManager1' lost on the message dbus.
Another notification daemon is running, exiting
Another notification daemon is running, exiting

** (xfce4-power-manager:2124): WARNING **: 04:10:56.327: Error: The connection is closed


** (xfce4-power-manager:2124): WARNING **: 04:10:56.328: Error: The connection is closed

XIO:  fatal IO error 25 (Inappropriate ioctl for device) on X server ":1.0"
      after 25 requests (25 known processed) with 0 events remaining.

Wed Apr 22 04:10:56 2026
 ComparingUpdateTracker: 0 pixels in / 0 pixels out
 ComparingUpdateTracker: (1:-nan ratio)
 success!
